<?xml version="1.0" encoding="UTF-8"?>
<testng-results skipped="0" failed="0" ignored="0" total="1" passed="1">
  <reporter-output>
  </reporter-output>
  <suite name="Default suite" duration-ms="34610" started-at="2020-12-15T16:37:03 IST" finished-at="2020-12-15T16:37:37 IST">
    <groups>
    </groups>
    <test name="Default test" duration-ms="34610" started-at="2020-12-15T16:37:03 IST" finished-at="2020-12-15T16:37:37 IST">
      <class name="SamvaadQA.com.SamvaadTest2.TestClass">
        <test-method status="PASS" signature="lanuchDriver()[pri:0, instance:SamvaadQA.com.SamvaadTest2.TestClass@48503868]" name="lanuchDriver" is-config="true" duration-ms="7623" started-at="2020-12-15T16:37:03 IST" finished-at="2020-12-15T16:37:10 IST">
          <reporter-output>
          </reporter-output>
        </test-method> <!-- lanuchDriver -->
        <test-method status="PASS" signature="loginTest()[pri:0, instance:SamvaadQA.com.SamvaadTest2.TestClass@48503868]" name="loginTest" duration-ms="26913" started-at="2020-12-15T16:37:10 IST" finished-at="2020-12-15T16:37:37 IST">
          <reporter-output>
          </reporter-output>
        </test-method> <!-- loginTest -->
      </class> <!-- SamvaadQA.com.SamvaadTest2.TestClass -->
    </test> <!-- Default test -->
  </suite> <!-- Default suite -->
</testng-results>
