<?xml version="1.0" encoding="UTF-8"?>
<testng-results skipped="0" failed="0" ignored="0" total="1" passed="1">
  <reporter-output>
  </reporter-output>
  <suite name="Default suite" duration-ms="211522" started-at="2021-01-08T10:43:27 IST" finished-at="2021-01-08T10:46:59 IST">
    <groups>
    </groups>
    <test name="Default test" duration-ms="211522" started-at="2021-01-08T10:43:27 IST" finished-at="2021-01-08T10:46:59 IST">
      <class name="SamvaadQA.com.SamvaadTest2.TestClass">
        <test-method status="PASS" signature="loginTest()[pri:0, instance:SamvaadQA.com.SamvaadTest2.TestClass@71bbf57e]" name="loginTest" duration-ms="211314" started-at="2021-01-08T10:43:27 IST" finished-at="2021-01-08T10:46:59 IST">
          <reporter-output>
          </reporter-output>
        </test-method> <!-- loginTest -->
      </class> <!-- SamvaadQA.com.SamvaadTest2.TestClass -->
    </test> <!-- Default test -->
  </suite> <!-- Default suite -->
</testng-results>
